Arguments: 
  C:\Program Files\nodejs\node.exe C:\Program Files\nodejs\node_modules\yarn\bin\yarn.js add @useapp/core

PATH: 
  C:\Users\HOME\bin;C:\Program Files\Git\mingw64\bin;C:\Program Files\Git\usr\local\bin;C:\Program Files\Git\usr\bin;C:\Program Files\Git\usr\bin;C:\Program Files\Git\mingw64\bin;C:\Program Files\Git\usr\bin;C:\Users\HOME\bin;C:\ProgramData\Oracle\Java\javapath;C:\windows\system32;C:\windows;C:\windows\System32\Wbem;C:\windows\System32\WindowsPowerShell\v1.0;C:\windows\System32\OpenSSH;C:\Program Files\Git\cmd;C:\Users\HOME\AppData\Roaming\nvm;C:\Program Files\nodejs;C:\Users\HOME\AppData\Roaming\nvm;G:\AndroidSDK\sdk\platform-tools;C:\Users\HOME\AppData\Local\Microsoft\WindowsApps;C:\Users\HOME\AppData\Local\Programs\Microsoft VS Code\bin;C:\Users\HOME\AppData\Local\GitHubDesktop\bin;C:\Users\HOME\AppData\Roaming\nvm;C:\Program Files\nodejs;C:\Program Files\Git\usr\bin\vendor_perl;C:\Program Files\Git\usr\bin\core_perl

Yarn version: 
  1.22.18

Node version: 
  16.13.1

Platform: 
  win32 x64

Trace: 
  Error: https://registry.yarnpkg.com/@useapp%2fcore: Not found
      at Request.params.callback [as _callback] (C:\Users\HOME\AppData\Roaming\nvm\v16.13.1\node_modules\yarn\lib\cli.js:66138:18)
      at Request.self.callback (C:\Users\HOME\AppData\Roaming\nvm\v16.13.1\node_modules\yarn\lib\cli.js:140883:22)
      at Request.emit (node:events:390:28)
      at Request.<anonymous> (C:\Users\HOME\AppData\Roaming\nvm\v16.13.1\node_modules\yarn\lib\cli.js:141855:10)
      at Request.emit (node:events:390:28)
      at IncomingMessage.<anonymous> (C:\Users\HOME\AppData\Roaming\nvm\v16.13.1\node_modules\yarn\lib\cli.js:141777:12)
      at Object.onceWrapper (node:events:509:28)
      at IncomingMessage.emit (node:events:402:35)
      at endReadableNT (node:internal/streams/readable:1343:12)
      at processTicksAndRejections (node:internal/process/task_queues:83:21)

npm manifest: 
  {
    "name": "example-avalanche",
    "version": "1.0.0",
    "description": "magic avalanche example",
    "keywords": [
      "react",
      "starter"
    ],
    "main": "src/index.js",
    "dependencies": {
      "@magic-ext/avalanche": "0.1.0",
      "avalanche": "2.6.2",
      "axios": "^0.27.2",
      "bootstrap": "^5.1.3",
      "magic-sdk": "2.4.7",
      "papaparse": "^5.3.2",
      "react": "^17.0.2",
      "react-bootstrap": "^2.3.1",
      "react-csv": "^2.2.2",
      "react-dom": "^17.0.2",
      "react-file-reader": "^1.1.4",
      "react-scripts": "3.0.1",
      "react-stripe-checkout": "^2.6.3",
      "stream-browserify": "^3.0.0",
      "web3": "^1.7.3"
    },
    "devDependencies": {
      "typescript": "3.8.3"
    },
    "scripts": {
      "start": "react-scripts start",
      "build": "react-scripts build",
      "test": "react-scripts test --env=jsdom",
      "eject": "react-scripts eject"
    },
    "browserslist": [
      ">0.2%",
      "not dead",
      "not ie <= 11",
      "not op_mini all"
    ]
  }

yarn manifest: 
  No manifest

Lockfile: 
  No lockfile
